Flow report for p32m1
Thu Jun  4 17:05:44 2020
Quartus Prime Version 19.1.0 Build 670 09/22/2019 SJ Lite Edition


---------------------
; Table of Contents ;
---------------------
  1. Legal Notice
  2. Flow Summary
  3. Flow Settings
  4. Flow Non-Default Global Settings
  5. Flow Elapsed Time
  6. Flow OS Summary
  7. Flow Log
  8. Flow Messages
  9. Flow Suppressed Messages



----------------
; Legal Notice ;
----------------
Copyright (C) 2019  Intel Corporation. All rights reserved.
Your use of Intel Corporation's design tools, logic functions 
and other software and tools, and any partner logic 
functions, and any output files from any of the foregoing 
(including device programming or simulation files), and any 
associated documentation or information are expressly subject 
to the terms and conditions of the Intel Program License 
Subscription Agreement, the Intel Quartus Prime License Agreement,
the Intel FPGA IP License Agreement, or other applicable license
agreement, including, without limitation, that your use is for
the sole purpose of programming logic devices manufactured by
Intel and sold by Intel or its authorized distributors.  Please
refer to the applicable agreement for further details, at
https://fpgasoftware.intel.com/eula.



+----------------------------------------------------------------------------------+
; Flow Summary                                                                     ;
+------------------------------------+---------------------------------------------+
; Flow Status                        ; Successful - Thu Jun  4 17:05:32 2020       ;
; Quartus Prime Version              ; 19.1.0 Build 670 09/22/2019 SJ Lite Edition ;
; Revision Name                      ; p32m1                                       ;
; Top-level Entity Name              ; p32m1                                       ;
; Family                             ; Cyclone IV E                                ;
; Total logic elements               ; 3,838 / 114,480 ( 3 % )                     ;
;     Total combinational functions  ; 3,804 / 114,480 ( 3 % )                     ;
;     Dedicated logic registers      ; 1,379 / 114,480 ( 1 % )                     ;
; Total registers                    ; 1379                                        ;
; Total pins                         ; 178 / 529 ( 34 % )                          ;
; Total virtual pins                 ; 0                                           ;
; Total memory bits                  ; 0 / 3,981,312 ( 0 % )                       ;
; Embedded Multiplier 9-bit elements ; 0 / 532 ( 0 % )                             ;
; Total PLLs                         ; 0 / 4 ( 0 % )                               ;
; Device                             ; EP4CE115F29C7                               ;
; Timing Models                      ; Final                                       ;
+------------------------------------+---------------------------------------------+


+-----------------------------------------+
; Flow Settings                           ;
+-------------------+---------------------+
; Option            ; Setting             ;
+-------------------+---------------------+
; Start date & time ; 06/04/2020 17:03:23 ;
; Main task         ; Compilation         ;
; Revision Name     ; p32m1               ;
+-------------------+---------------------+


+-------------------------------------------------------------------------------------------------+
; Flow Non-Default Global Settings                                                                ;
+-----------------------+------------------------------+---------------+-------------+------------+
; Assignment Name       ; Value                        ; Default Value ; Entity Name ; Section Id ;
+-----------------------+------------------------------+---------------+-------------+------------+
; COMPILER_SIGNATURE_ID ; 345051950054.159125780316980 ; --            ; --          ; --         ;
+-----------------------+------------------------------+---------------+-------------+------------+


+--------------------------------------------------------------------------------------------------------------------------+
; Flow Elapsed Time                                                                                                        ;
+----------------------+--------------+-------------------------+---------------------+------------------------------------+
; Module Name          ; Elapsed Time ; Average Processors Used ; Peak Virtual Memory ; Total CPU Time (on all processors) ;
+----------------------+--------------+-------------------------+---------------------+------------------------------------+
; Analysis & Synthesis ; 00:00:23     ; 1.0                     ; 1100 MB             ; 00:00:34                           ;
; Fitter               ; 00:00:54     ; 1.1                     ; 2177 MB             ; 00:01:22                           ;
; Timing Analyzer      ; 00:00:04     ; 1.4                     ; 1140 MB             ; 00:00:04                           ;
; Total                ; 00:01:21     ; --                      ; --                  ; 00:02:00                           ;
+----------------------+--------------+-------------------------+---------------------+------------------------------------+


+----------------------------------------------------------------------------------------------------+
; Flow OS Summary                                                                                    ;
+----------------------+------------------------------+--------------+--------------+----------------+
; Module Name          ; Machine Hostname             ; OS Name      ; OS Version   ; Processor type ;
+----------------------+------------------------------+--------------+--------------+----------------+
; Analysis & Synthesis ; jikken-a2.cs.okayama-u.ac.jp ; CentOS Linux ; CentOS Linux ; x86_64         ;
; Fitter               ; jikken-a2.cs.okayama-u.ac.jp ; CentOS Linux ; CentOS Linux ; x86_64         ;
; Timing Analyzer      ; jikken-a2.cs.okayama-u.ac.jp ; CentOS Linux ; CentOS Linux ; x86_64         ;
+----------------------+------------------------------+--------------+--------------+----------------+


------------
; Flow Log ;
------------
quartus_map --family="Cyclone IV E" p32m1
quartus_fit --part=EP4CE115F29C7 p32m1
quartus_sta --do_report_timing p32m1



